{"/Users/siddhartha/Documents/notes-frontend/src/App.js": {"path":"/Users/siddhartha/Documents/notes-frontend/src/App.js","statementMap":{"0":{"start":{"line":13,"column":12},"end":{"line":170,"column":1}},"1":{"start":{"line":14,"column":28},"end":{"line":14,"column":40}},"2":{"start":{"line":15,"column":32},"end":{"line":15,"column":44}},"3":{"start":{"line":16,"column":32},"end":{"line":16,"column":46}},"4":{"start":{"line":17,"column":42},"end":{"line":17,"column":56}},"5":{"start":{"line":18,"column":34},"end":{"line":18,"column":46}},"6":{"start":{"line":19,"column":34},"end":{"line":19,"column":46}},"7":{"start":{"line":20,"column":26},"end":{"line":20,"column":40}},"8":{"start":{"line":23,"column":2},"end":{"line":28,"column":8}},"9":{"start":{"line":24,"column":4},"end":{"line":27,"column":8}},"10":{"start":{"line":26,"column":8},"end":{"line":26,"column":30}},"11":{"start":{"line":30,"column":2},"end":{"line":37,"column":8}},"12":{"start":{"line":31,"column":27},"end":{"line":31,"column":75}},"13":{"start":{"line":32,"column":4},"end":{"line":36,"column":5}},"14":{"start":{"line":33,"column":19},"end":{"line":33,"column":45}},"15":{"start":{"line":34,"column":6},"end":{"line":34,"column":19}},"16":{"start":{"line":35,"column":6},"end":{"line":35,"column":38}},"17":{"start":{"line":39,"column":22},"end":{"line":39,"column":85}},"18":{"start":{"line":39,"column":61},"end":{"line":39,"column":84}},"19":{"start":{"line":41,"column":29},"end":{"line":59,"column":3}},"20":{"start":{"line":43,"column":17},"end":{"line":43,"column":45}},"21":{"start":{"line":43,"column":33},"end":{"line":43,"column":44}},"22":{"start":{"line":44,"column":24},"end":{"line":44,"column":62}},"23":{"start":{"line":46,"column":4},"end":{"line":58,"column":8}},"24":{"start":{"line":48,"column":8},"end":{"line":48,"column":63}},"25":{"start":{"line":48,"column":32},"end":{"line":48,"column":61}},"26":{"start":{"line":51,"column":8},"end":{"line":53,"column":9}},"27":{"start":{"line":54,"column":8},"end":{"line":56,"column":16}},"28":{"start":{"line":55,"column":10},"end":{"line":55,"column":31}},"29":{"start":{"line":57,"column":8},"end":{"line":57,"column":48}},"30":{"start":{"line":57,"column":35},"end":{"line":57,"column":46}},"31":{"start":{"line":61,"column":15},"end":{"line":65,"column":3}},"32":{"start":{"line":61,"column":21},"end":{"line":65,"column":3}},"33":{"start":{"line":62,"column":4},"end":{"line":64,"column":6}},"34":{"start":{"line":63,"column":30},"end":{"line":63,"column":57}},"35":{"start":{"line":67,"column":18},"end":{"line":81,"column":3}},"36":{"start":{"line":68,"column":4},"end":{"line":68,"column":26}},"37":{"start":{"line":69,"column":4},"end":{"line":69,"column":42}},"38":{"start":{"line":70,"column":23},"end":{"line":74,"column":5}},"39":{"start":{"line":76,"column":4},"end":{"line":80,"column":8}},"40":{"start":{"line":78,"column":8},"end":{"line":78,"column":44}},"41":{"start":{"line":79,"column":8},"end":{"line":79,"column":22}},"42":{"start":{"line":83,"column":27},"end":{"line":85,"column":3}},"43":{"start":{"line":84,"column":4},"end":{"line":84,"column":34}},"44":{"start":{"line":87,"column":22},"end":{"line":108,"column":3}},"45":{"start":{"line":88,"column":4},"end":{"line":88,"column":26}},"46":{"start":{"line":89,"column":4},"end":{"line":106,"column":5}},"47":{"start":{"line":90,"column":19},"end":{"line":92,"column":8}},"48":{"start":{"line":94,"column":6},"end":{"line":96,"column":7}},"49":{"start":{"line":97,"column":6},"end":{"line":97,"column":38}},"50":{"start":{"line":98,"column":6},"end":{"line":98,"column":19}},"51":{"start":{"line":99,"column":6},"end":{"line":99,"column":21}},"52":{"start":{"line":100,"column":6},"end":{"line":100,"column":21}},"53":{"start":{"line":102,"column":6},"end":{"line":102,"column":42}},"54":{"start":{"line":103,"column":6},"end":{"line":105,"column":14}},"55":{"start":{"line":104,"column":8},"end":{"line":104,"column":29}},"56":{"start":{"line":110,"column":20},"end":{"line":120,"column":3}},"57":{"start":{"line":111,"column":4},"end":{"line":119,"column":16}},"58":{"start":{"line":115,"column":44},"end":{"line":115,"column":69}},"59":{"start":{"line":116,"column":44},"end":{"line":116,"column":69}},"60":{"start":{"line":122,"column":22},"end":{"line":122,"column":39}},"61":{"start":{"line":124,"column":19},"end":{"line":132,"column":3}},"62":{"start":{"line":125,"column":4},"end":{"line":131,"column":16}},"63":{"start":{"line":134,"column":17},"end":{"line":137,"column":3}},"64":{"start":{"line":135,"column":4},"end":{"line":135,"column":55}},"65":{"start":{"line":136,"column":4},"end":{"line":136,"column":17}},"66":{"start":{"line":139,"column":2},"end":{"line":169,"column":3}},"67":{"start":{"line":159,"column":31},"end":{"line":159,"column":51}}},"fnMap":{"0":{"name":"(anonymous_0)","decl":{"start":{"line":13,"column":12},"end":{"line":13,"column":13}},"loc":{"start":{"line":13,"column":18},"end":{"line":170,"column":1}},"line":13},"1":{"name":"(anonymous_1)","decl":{"start":{"line":23,"column":12},"end":{"line":23,"column":13}},"loc":{"start":{"line":23,"column":18},"end":{"line":28,"column":3}},"line":23},"2":{"name":"(anonymous_2)","decl":{"start":{"line":25,"column":12},"end":{"line":25,"column":13}},"loc":{"start":{"line":25,"column":28},"end":{"line":27,"column":7}},"line":25},"3":{"name":"(anonymous_3)","decl":{"start":{"line":30,"column":12},"end":{"line":30,"column":13}},"loc":{"start":{"line":30,"column":19},"end":{"line":37,"column":3}},"line":30},"4":{"name":"(anonymous_4)","decl":{"start":{"line":39,"column":53},"end":{"line":39,"column":54}},"loc":{"start":{"line":39,"column":61},"end":{"line":39,"column":84}},"line":39},"5":{"name":"(anonymous_5)","decl":{"start":{"line":41,"column":29},"end":{"line":41,"column":30}},"loc":{"start":{"line":41,"column":35},"end":{"line":59,"column":3}},"line":41},"6":{"name":"(anonymous_6)","decl":{"start":{"line":43,"column":28},"end":{"line":43,"column":29}},"loc":{"start":{"line":43,"column":33},"end":{"line":43,"column":44}},"line":43},"7":{"name":"(anonymous_7)","decl":{"start":{"line":47,"column":12},"end":{"line":47,"column":13}},"loc":{"start":{"line":47,"column":27},"end":{"line":49,"column":7}},"line":47},"8":{"name":"(anonymous_8)","decl":{"start":{"line":48,"column":27},"end":{"line":48,"column":28}},"loc":{"start":{"line":48,"column":32},"end":{"line":48,"column":61}},"line":48},"9":{"name":"(anonymous_9)","decl":{"start":{"line":50,"column":13},"end":{"line":50,"column":14}},"loc":{"start":{"line":50,"column":22},"end":{"line":58,"column":7}},"line":50},"10":{"name":"(anonymous_10)","decl":{"start":{"line":54,"column":19},"end":{"line":54,"column":20}},"loc":{"start":{"line":54,"column":25},"end":{"line":56,"column":9}},"line":54},"11":{"name":"(anonymous_11)","decl":{"start":{"line":57,"column":30},"end":{"line":57,"column":31}},"loc":{"start":{"line":57,"column":35},"end":{"line":57,"column":46}},"line":57},"12":{"name":"(anonymous_12)","decl":{"start":{"line":61,"column":15},"end":{"line":61,"column":16}},"loc":{"start":{"line":61,"column":21},"end":{"line":65,"column":3}},"line":61},"13":{"name":"(anonymous_13)","decl":{"start":{"line":61,"column":37},"end":{"line":61,"column":38}},"loc":{"start":{"line":62,"column":4},"end":{"line":64,"column":6}},"line":62},"14":{"name":"(anonymous_14)","decl":{"start":{"line":63,"column":24},"end":{"line":63,"column":25}},"loc":{"start":{"line":63,"column":30},"end":{"line":63,"column":57}},"line":63},"15":{"name":"(anonymous_15)","decl":{"start":{"line":67,"column":18},"end":{"line":67,"column":19}},"loc":{"start":{"line":67,"column":29},"end":{"line":81,"column":3}},"line":67},"16":{"name":"(anonymous_16)","decl":{"start":{"line":77,"column":12},"end":{"line":77,"column":13}},"loc":{"start":{"line":77,"column":28},"end":{"line":80,"column":7}},"line":77},"17":{"name":"(anonymous_17)","decl":{"start":{"line":83,"column":27},"end":{"line":83,"column":28}},"loc":{"start":{"line":83,"column":38},"end":{"line":85,"column":3}},"line":83},"18":{"name":"(anonymous_18)","decl":{"start":{"line":87,"column":22},"end":{"line":87,"column":23}},"loc":{"start":{"line":87,"column":39},"end":{"line":108,"column":3}},"line":87},"19":{"name":"(anonymous_19)","decl":{"start":{"line":103,"column":17},"end":{"line":103,"column":18}},"loc":{"start":{"line":103,"column":23},"end":{"line":105,"column":7}},"line":103},"20":{"name":"(anonymous_20)","decl":{"start":{"line":110,"column":20},"end":{"line":110,"column":21}},"loc":{"start":{"line":111,"column":4},"end":{"line":119,"column":16}},"line":111},"21":{"name":"(anonymous_21)","decl":{"start":{"line":115,"column":30},"end":{"line":115,"column":31}},"loc":{"start":{"line":115,"column":44},"end":{"line":115,"column":69}},"line":115},"22":{"name":"(anonymous_22)","decl":{"start":{"line":116,"column":30},"end":{"line":116,"column":31}},"loc":{"start":{"line":116,"column":44},"end":{"line":116,"column":69}},"line":116},"23":{"name":"(anonymous_23)","decl":{"start":{"line":124,"column":19},"end":{"line":124,"column":20}},"loc":{"start":{"line":125,"column":4},"end":{"line":131,"column":16}},"line":125},"24":{"name":"(anonymous_24)","decl":{"start":{"line":134,"column":17},"end":{"line":134,"column":18}},"loc":{"start":{"line":134,"column":23},"end":{"line":137,"column":3}},"line":134},"25":{"name":"(anonymous_25)","decl":{"start":{"line":159,"column":25},"end":{"line":159,"column":26}},"loc":{"start":{"line":159,"column":31},"end":{"line":159,"column":51}},"line":159}},"branchMap":{"0":{"loc":{"start":{"line":32,"column":4},"end":{"line":36,"column":5}},"type":"if","locations":[{"start":{"line":32,"column":4},"end":{"line":36,"column":5}},{"start":{"line":32,"column":4},"end":{"line":36,"column":5}}],"line":32},"1":{"loc":{"start":{"line":39,"column":22},"end":{"line":39,"column":85}},"type":"cond-expr","locations":[{"start":{"line":39,"column":32},"end":{"line":39,"column":37}},{"start":{"line":39,"column":40},"end":{"line":39,"column":85}}],"line":39},"2":{"loc":{"start":{"line":48,"column":32},"end":{"line":48,"column":61}},"type":"cond-expr","locations":[{"start":{"line":48,"column":46},"end":{"line":48,"column":47}},{"start":{"line":48,"column":50},"end":{"line":48,"column":61}}],"line":48},"3":{"loc":{"start":{"line":146,"column":7},"end":{"line":154,"column":14}},"type":"cond-expr","locations":[{"start":{"line":147,"column":8},"end":{"line":147,"column":19}},{"start":{"line":148,"column":8},"end":{"line":154,"column":14}}],"line":146},"4":{"loc":{"start":{"line":160,"column":16},"end":{"line":160,"column":45}},"type":"cond-expr","locations":[{"start":{"line":160,"column":26},"end":{"line":160,"column":37}},{"start":{"line":160,"column":40},"end":{"line":160,"column":45}}],"line":160}},"s":{"0":0,"1":0,"2":0,"3":0,"4":0,"5":0,"6":0,"7":0,"8":0,"9":0,"10":0,"11":0,"12":0,"13":0,"14":0,"15":0,"16":0,"17":0,"18":0,"19":0,"20":0,"21":0,"22":0,"23":0,"24":0,"25":0,"26":0,"27":0,"28":0,"29":0,"30":0,"31":0,"32":0,"33":0,"34":0,"35":0,"36":0,"37":0,"38":0,"39":0,"40":0,"41":0,"42":0,"43":0,"44":0,"45":0,"46":0,"47":0,"48":0,"49":0,"50":0,"51":0,"52":0,"53":0,"54":0,"55":0,"56":0,"57":0,"58":0,"59":0,"60":0,"61":0,"62":0,"63":0,"64":0,"65":0,"66":0,"67":0},"f":{"0":0,"1":0,"2":0,"3":0,"4":0,"5":0,"6":0,"7":0,"8":0,"9":0,"10":0,"11":0,"12":0,"13":0,"14":0,"15":0,"16":0,"17":0,"18":0,"19":0,"20":0,"21":0,"22":0,"23":0,"24":0,"25":0},"b":{"0":[0,0],"1":[0,0],"2":[0,0],"3":[0,0],"4":[0,0]},"hash":"096189b1b0e28318c177e71f2782f5b2b50a88a8"}
,"/Users/siddhartha/Documents/notes-frontend/src/index.js": {"path":"/Users/siddhartha/Documents/notes-frontend/src/index.js","statementMap":{"0":{"start":{"line":7,"column":0},"end":{"line":7,"column":57}}},"fnMap":{},"branchMap":{},"s":{"0":0},"f":{},"b":{},"hash":"9af6d583020305754b4b69df60d228c0ad95a9c6"}
,"/Users/siddhartha/Documents/notes-frontend/src/components/Footer.js": {"path":"/Users/siddhartha/Documents/notes-frontend/src/components/Footer.js","statementMap":{"0":{"start":{"line":3,"column":15},"end":{"line":18,"column":1}},"1":{"start":{"line":4,"column":24},"end":{"line":8,"column":5}},"2":{"start":{"line":10,"column":4},"end":{"line":17,"column":5}}},"fnMap":{"0":{"name":"(anonymous_0)","decl":{"start":{"line":3,"column":15},"end":{"line":3,"column":16}},"loc":{"start":{"line":3,"column":21},"end":{"line":18,"column":1}},"line":3}},"branchMap":{},"s":{"0":0,"1":0,"2":0},"f":{"0":0},"b":{},"hash":"0e39d74a2655d7248198d35b8a665e7ffc66f3cc"}
,"/Users/siddhartha/Documents/notes-frontend/src/components/LoginForm.js": {"path":"/Users/siddhartha/Documents/notes-frontend/src/components/LoginForm.js","statementMap":{"0":{"start":{"line":4,"column":18},"end":{"line":35,"column":1}},"1":{"start":{"line":11,"column":2},"end":{"line":34,"column":3}},"2":{"start":{"line":37,"column":0},"end":{"line":43,"column":1}}},"fnMap":{"0":{"name":"(anonymous_0)","decl":{"start":{"line":4,"column":18},"end":{"line":4,"column":19}},"loc":{"start":{"line":10,"column":6},"end":{"line":35,"column":1}},"line":10}},"branchMap":{},"s":{"0":0,"1":0,"2":0},"f":{"0":0},"b":{},"hash":"19eaa155f8b71b833f9a0aec9ed79930e33d14a7"}
,"/Users/siddhartha/Documents/notes-frontend/src/components/Note.js": {"path":"/Users/siddhartha/Documents/notes-frontend/src/components/Note.js","statementMap":{"0":{"start":{"line":3,"column":13},"end":{"line":11,"column":1}},"1":{"start":{"line":4,"column":16},"end":{"line":4,"column":72}},"2":{"start":{"line":6,"column":2},"end":{"line":10,"column":3}}},"fnMap":{"0":{"name":"(anonymous_0)","decl":{"start":{"line":3,"column":13},"end":{"line":3,"column":14}},"loc":{"start":{"line":3,"column":45},"end":{"line":11,"column":1}},"line":3}},"branchMap":{"0":{"loc":{"start":{"line":4,"column":16},"end":{"line":4,"column":72}},"type":"cond-expr","locations":[{"start":{"line":4,"column":33},"end":{"line":4,"column":53}},{"start":{"line":4,"column":56},"end":{"line":4,"column":72}}],"line":4}},"s":{"0":1,"1":0,"2":0},"f":{"0":0},"b":{"0":[0,0]},"_coverageSchema":"43e27e138ebf9cfc5966b082cf9a028302ed4184","hash":"2decaece4d0a9a2d879f1947acb683920cfa3a8d"}
,"/Users/siddhartha/Documents/notes-frontend/src/components/NoteForm.js": {"path":"/Users/siddhartha/Documents/notes-frontend/src/components/NoteForm.js","statementMap":{"0":{"start":{"line":3,"column":17},"end":{"line":17,"column":1}},"1":{"start":{"line":4,"column":2},"end":{"line":16,"column":3}}},"fnMap":{"0":{"name":"(anonymous_0)","decl":{"start":{"line":3,"column":17},"end":{"line":3,"column":18}},"loc":{"start":{"line":3,"column":56},"end":{"line":17,"column":1}},"line":3}},"branchMap":{},"s":{"0":0,"1":0},"f":{"0":0},"b":{},"hash":"fa0484615c9b4b616bea397fc5b4f736ab5bbf64"}
,"/Users/siddhartha/Documents/notes-frontend/src/components/Notification.js": {"path":"/Users/siddhartha/Documents/notes-frontend/src/components/Notification.js","statementMap":{"0":{"start":{"line":3,"column":21},"end":{"line":13,"column":1}},"1":{"start":{"line":4,"column":4},"end":{"line":6,"column":5}},"2":{"start":{"line":5,"column":8},"end":{"line":5,"column":19}},"3":{"start":{"line":8,"column":4},"end":{"line":12,"column":5}}},"fnMap":{"0":{"name":"(anonymous_0)","decl":{"start":{"line":3,"column":21},"end":{"line":3,"column":22}},"loc":{"start":{"line":3,"column":38},"end":{"line":13,"column":1}},"line":3}},"branchMap":{"0":{"loc":{"start":{"line":4,"column":4},"end":{"line":6,"column":5}},"type":"if","locations":[{"start":{"line":4,"column":4},"end":{"line":6,"column":5}},{"start":{"line":4,"column":4},"end":{"line":6,"column":5}}],"line":4}},"s":{"0":0,"1":0,"2":0,"3":0},"f":{"0":0},"b":{"0":[0,0]},"hash":"a489b173ce3c18ebb37e1ad8cb95fc3549594316"}
,"/Users/siddhartha/Documents/notes-frontend/src/components/Togglable.js": {"path":"/Users/siddhartha/Documents/notes-frontend/src/components/Togglable.js","statementMap":{"0":{"start":{"line":4,"column":18},"end":{"line":31,"column":2}},"1":{"start":{"line":5,"column":32},"end":{"line":5,"column":47}},"2":{"start":{"line":7,"column":26},"end":{"line":7,"column":60}},"3":{"start":{"line":8,"column":26},"end":{"line":8,"column":60}},"4":{"start":{"line":10,"column":27},"end":{"line":12,"column":3}},"5":{"start":{"line":11,"column":4},"end":{"line":11,"column":24}},"6":{"start":{"line":14,"column":2},"end":{"line":18,"column":4}},"7":{"start":{"line":15,"column":4},"end":{"line":17,"column":5}},"8":{"start":{"line":20,"column":2},"end":{"line":30,"column":3}},"9":{"start":{"line":33,"column":0},"end":{"line":35,"column":1}},"10":{"start":{"line":37,"column":0},"end":{"line":37,"column":35}}},"fnMap":{"0":{"name":"(anonymous_0)","decl":{"start":{"line":4,"column":35},"end":{"line":4,"column":36}},"loc":{"start":{"line":4,"column":51},"end":{"line":31,"column":1}},"line":4},"1":{"name":"(anonymous_1)","decl":{"start":{"line":10,"column":27},"end":{"line":10,"column":28}},"loc":{"start":{"line":10,"column":33},"end":{"line":12,"column":3}},"line":10},"2":{"name":"(anonymous_2)","decl":{"start":{"line":14,"column":27},"end":{"line":14,"column":28}},"loc":{"start":{"line":14,"column":33},"end":{"line":18,"column":3}},"line":14}},"branchMap":{"0":{"loc":{"start":{"line":7,"column":37},"end":{"line":7,"column":58}},"type":"cond-expr","locations":[{"start":{"line":7,"column":47},"end":{"line":7,"column":53}},{"start":{"line":7,"column":56},"end":{"line":7,"column":58}}],"line":7},"1":{"loc":{"start":{"line":8,"column":37},"end":{"line":8,"column":58}},"type":"cond-expr","locations":[{"start":{"line":8,"column":47},"end":{"line":8,"column":49}},{"start":{"line":8,"column":52},"end":{"line":8,"column":58}}],"line":8}},"s":{"0":1,"1":4,"2":4,"3":4,"4":4,"5":1,"6":4,"7":0,"8":4,"9":1,"10":1},"f":{"0":4,"1":1,"2":0},"b":{"0":[1,3],"1":[1,3]},"_coverageSchema":"43e27e138ebf9cfc5966b082cf9a028302ed4184","hash":"f61f7a7c9f8b97dd4d017c110d5417bff98b4202"}
,"/Users/siddhartha/Documents/notes-frontend/src/services/login.js": {"path":"/Users/siddhartha/Documents/notes-frontend/src/services/login.js","statementMap":{"0":{"start":{"line":2,"column":16},"end":{"line":2,"column":49}},"1":{"start":{"line":4,"column":14},"end":{"line":7,"column":1}},"2":{"start":{"line":5,"column":21},"end":{"line":5,"column":59}},"3":{"start":{"line":6,"column":4},"end":{"line":6,"column":24}}},"fnMap":{"0":{"name":"(anonymous_0)","decl":{"start":{"line":4,"column":14},"end":{"line":4,"column":15}},"loc":{"start":{"line":4,"column":35},"end":{"line":7,"column":1}},"line":4}},"branchMap":{},"s":{"0":0,"1":0,"2":0,"3":0},"f":{"0":0},"b":{},"hash":"8cbeaa3c741b9f072d86192d5044240b4acf71d4"}
,"/Users/siddhartha/Documents/notes-frontend/src/services/notes.js": {"path":"/Users/siddhartha/Documents/notes-frontend/src/services/notes.js","statementMap":{"0":{"start":{"line":2,"column":16},"end":{"line":2,"column":49}},"1":{"start":{"line":4,"column":12},"end":{"line":4,"column":16}},"2":{"start":{"line":6,"column":17},"end":{"line":8,"column":1}},"3":{"start":{"line":7,"column":4},"end":{"line":7,"column":32}},"4":{"start":{"line":10,"column":15},"end":{"line":13,"column":1}},"5":{"start":{"line":11,"column":20},"end":{"line":11,"column":38}},"6":{"start":{"line":12,"column":4},"end":{"line":12,"column":50}},"7":{"start":{"line":12,"column":36},"end":{"line":12,"column":49}},"8":{"start":{"line":15,"column":15},"end":{"line":23,"column":1}},"9":{"start":{"line":16,"column":19},"end":{"line":18,"column":5}},"10":{"start":{"line":20,"column":21},"end":{"line":20,"column":65}},"11":{"start":{"line":21,"column":4},"end":{"line":21,"column":30}},"12":{"start":{"line":22,"column":4},"end":{"line":22,"column":24}},"13":{"start":{"line":25,"column":15},"end":{"line":28,"column":1}},"14":{"start":{"line":26,"column":20},"end":{"line":26,"column":60}},"15":{"start":{"line":27,"column":4},"end":{"line":27,"column":50}},"16":{"start":{"line":27,"column":36},"end":{"line":27,"column":49}}},"fnMap":{"0":{"name":"(anonymous_0)","decl":{"start":{"line":6,"column":17},"end":{"line":6,"column":18}},"loc":{"start":{"line":6,"column":29},"end":{"line":8,"column":1}},"line":6},"1":{"name":"(anonymous_1)","decl":{"start":{"line":10,"column":15},"end":{"line":10,"column":16}},"loc":{"start":{"line":10,"column":21},"end":{"line":13,"column":1}},"line":10},"2":{"name":"(anonymous_2)","decl":{"start":{"line":12,"column":24},"end":{"line":12,"column":25}},"loc":{"start":{"line":12,"column":36},"end":{"line":12,"column":49}},"line":12},"3":{"name":"(anonymous_3)","decl":{"start":{"line":15,"column":15},"end":{"line":15,"column":16}},"loc":{"start":{"line":15,"column":34},"end":{"line":23,"column":1}},"line":15},"4":{"name":"(anonymous_4)","decl":{"start":{"line":25,"column":15},"end":{"line":25,"column":16}},"loc":{"start":{"line":25,"column":34},"end":{"line":28,"column":1}},"line":25},"5":{"name":"(anonymous_5)","decl":{"start":{"line":27,"column":24},"end":{"line":27,"column":25}},"loc":{"start":{"line":27,"column":36},"end":{"line":27,"column":49}},"line":27}},"branchMap":{},"s":{"0":0,"1":0,"2":0,"3":0,"4":0,"5":0,"6":0,"7":0,"8":0,"9":0,"10":0,"11":0,"12":0,"13":0,"14":0,"15":0,"16":0},"f":{"0":0,"1":0,"2":0,"3":0,"4":0,"5":0},"b":{},"hash":"fbe093130693da11a10dcbb546d1c6fb5a8ec69b"}
}
